c[0]="199m #fe00ae 0 deeppink"; 
c[1]="046m #00ff00 0 lime"; 
c[2]="232m #001b13 7 black"; 
c[3]="208m #ff7700 0 darkorange"; 
c[4]="021m #0000ff 7 blue"; 
c[5]="051m #01f2ff 0 aqua"; 
c[6]="228m #f9fe92 0 khaki"; 
c[7]="017m #2d0064 7 navy"; 
c[8]="218m #ffc6e6 0 pink"; 
c[9]="035m #04a15d 0 mediumseagreen"; 
c[10]="027m #2469ff 7 royalblue"; 
c[11]="125m #950043 7 brown"; 
c[12]="039m #0eb7ff 0 deepskyblue"; 
c[13]="226m #fff700 0 yellow"; 
c[14]="048m #00ff91 0 mediumspringgreen"; 
c[15]="230m #ffffe3 0 lightyellow"; 
c[16]="106m #8aa204 0 olivedrab"; 
c[17]="165m #c801ff 0 mediumorchid"; 
c[18]="197m #ff0062 0 crimson"; 
c[19]="052m #370001 7 maroon"; 
c[20]="060m #4e5671 7 darkslateblue"; 
c[21]="215m #ffbe82 0 sandybrown"; 
c[22]="131m #aa736d 0 rosybrown"; 
c[23]="147m #b5a4fe 0 lightsteelblue"; 
c[24]="203m #ff7765 0 salmon"; 
c[25]="023m #026c60 7 teal"; 
c[26]="025m #0154ac 7 royalblue"; 
c[27]="130m #a46500 7 darkgoldenrod"; 
c[28]="034m #00aa00 0 limegreen"; 
c[29]="096m #934a90 7 darkmagenta"; 
c[30]="107m #94a269 0 darkkhaki"; 
c[31]="058m #4f3d0c 7 saddlebrown"; 
c[32]="214m #f9b200 0 orange"; 
c[33]="196m #ff0019 0 red"; 
c[34]="091m #9a00a8 7 darkmagenta"; 
c[35]="121m #9cffc7 0 aquamarine"; 
c[36]="109m #8db4bf 0 skyblue"; 
c[37]="088m #900c00 7 darkred"; 
c[38]="017m #06002c 7 midnightblue"; 
c[39]="155m #b2ff4d 0 greenyellow"; 
c[40]="019m #0000aa 7 darkblue"; 
c[41]="211m #ff76aa 0 hotpink"; 
c[42]="213m #ff86ff 0 violet"; 
c[43]="022m #004900 7 darkgreen"; 
