c0=(096 8d5a7b 7 mediumvioletred); 
c1=(046 00ff00 0 lime); 
c2=(021 0000ff 7 blue); 
c3=(220 ffc401 0 gold); 
c4=(051 08fff3 0 aqua); 
c5=(196 ff0800 0 red); 
c6=(022 095700 7 darkgreen); 
c7=(207 ff68fc 0 violet); 
c8=(039 089cfe 0 dodgerblue); 
c10=(130 995900 7 saddlebrown); 
c11=(018 06338d 7 darkslateblue); 
c12=(195 e4ffff 0 lightcyan); 
c13=(049 07ffa4 0 mediumspringgreen); 
c14=(052 4f0001 7 maroon); 
c15=(106 8ba000 0 olivedrab); 
c16=(197 ff0059 0 crimson); 
c17=(090 7e007c 7 purple); 
c18=(208 ff8000 0 darkorange); 
c19=(027 0066ff 7 royalblue); 
c20=(045 00d0ff 0 deepskyblue); 
c21=(215 ffbe73 0 sandybrown); 
c22=(226 f7ff01 0 yellow); 
c23=(053 2f0032 7 indigo); 
c24=(058 403500 7 darkolivegreen); 
c25=(125 a20051 7 mediumvioletred); 
c26=(155 a7ff5b 0 greenyellow); 
c27=(066 7c979e 0 lightslategray); 
c28=(036 03a074 0 mediumseagreen); 
c29=(129 c300ff 0 mediumorchid); 
c30=(023 004e3e 7 darkslategray); 
c31=(124 9d0003 7 darkred); 
c32=(157 b5f9b8 0 palegreen); 
c33=(199 ff00a2 0 deeppink); 
c34=(189 d0c5ff 0 thistle); 
c35=(024 0b496f 7 darkslateblue); 
c36=(217 ffbebd 0 pink); 
c37=(228 ffff86 0 khaki); 
c38=(203 ff7c6b 0 salmon); 
c39=(140 a779e0 0 mediumpurple); 
c40=(034 06a62b 0 forestgreen); 
c41=(018 05009b 7 darkblue); 
c42=(212 ff86c3 0 hotpink); 
c43=(101 909258 0 olivedrab); 
